<?xml version="1.0" encoding="UTF-8"?>
<!-- Generated by org.testng.reporters.JUnitReportReporter -->
<testsuite hostname="MUSTHAQ-PC" failures="0" tests="1" name="testNG.MainProject" time="10.907" errors="0" timestamp="2022-06-17T14:57:32 IST" skipped="0">
  <testcase classname="testNG.MainProject" name="callBrowser" time="10.907"/>
  <system-out/>
</testsuite> <!-- testNG.MainProject -->
