<?xml version="1.0" encoding="UTF-8"?>
<!-- Generated by org.testng.reporters.JUnitReportReporter -->
<testsuite hostname="MUSTHAQ-PC" failures="0" tests="8" name="testNG.GroupingExamples" time="0.029" errors="0" timestamp="2022-06-18T13:50:31 IST" skipped="0">
  <testcase classname="testNG.GroupingExamples" name="moto1" time="0.002"/>
  <system-out/>
  <testcase classname="testNG.GroupingExamples" name="vivo1" time="0.001"/>
  <system-out/>
  <testcase classname="testNG.GroupingExamples" name="vivo2" time="0.002"/>
  <system-out/>
  <testcase classname="testNG.GroupingExamples" name="apple1" time="0.017"/>
  <system-out/>
  <testcase classname="testNG.GroupingExamples" name="moto2" time="0.001"/>
  <system-out/>
  <testcase classname="testNG.GroupingExamples" name="lenovo2" time="0.002"/>
  <system-out/>
  <testcase classname="testNG.GroupingExamples" name="apple2" time="0.002"/>
  <system-out/>
  <testcase classname="testNG.GroupingExamples" name="lenovo1" time="0.002"/>
  <system-out/>
</testsuite> <!-- testNG.GroupingExamples -->
