<?xml version="1.0" encoding="UTF-8"?>
<!-- Generated by org.testng.reporters.JUnitReportReporter -->
<testsuite hostname="MUSTHAQ-PC" failures="0" tests="1" name="testNG.ParameterizationExamples" time="0.001" errors="0" timestamp="2022-06-18T13:50:31 IST" skipped="0">
  <testcase classname="testNG.ParameterizationExamples" name="printname" time="0.001"/>
  <system-out/>
</testsuite> <!-- testNG.ParameterizationExamples -->
