<?xml version="1.0" encoding="UTF-8"?>
<!-- Generated by org.testng.reporters.JUnitReportReporter -->
<testsuite hostname="MUSTHAQ-PC" failures="0" tests="2" name="testNG.AnnotationsHierarchyExample" time="0.008" errors="0" timestamp="2022-06-20T11:37:25 IST" skipped="0">
  <testcase classname="testNG.AnnotationsHierarchyExample" name="test" time="0.005"/>
  <system-out/>
  <testcase classname="testNG.AnnotationsHierarchyExample" name="test2" time="0.003"/>
  <system-out/>
</testsuite> <!-- testNG.AnnotationsHierarchyExample -->
