<?xml version="1.0" encoding="UTF-8"?>
<!-- Generated by org.testng.reporters.JUnitReportReporter -->
<testsuite hostname="MUSTHAQ-PC" failures="0" tests="3" name="testNG.SuiteExamples" time="2.780" errors="0" timestamp="2022-06-17T11:54:12 IST" skipped="0">
  <testcase classname="testNG.SuiteExamples" name="openBing" time="0.469"/>
  <system-out/>
  <testcase classname="testNG.SuiteExamples" name="openYahoo" time="1.260"/>
  <system-out/>
  <testcase classname="testNG.SuiteExamples" name="openGoogle" time="1.051"/>
  <system-out/>
</testsuite> <!-- testNG.SuiteExamples -->
