<?xml version="1.0" encoding="UTF-8"?>
<!-- Generated by org.testng.reporters.JUnitReportReporter -->
<testsuite hostname="MUSTHAQ-PC" failures="0" tests="5" name="testNG.DriveCar" time="0.008" errors="0" timestamp="2022-06-18T12:46:53 IST" skipped="0">
  <testcase classname="testNG.DriveCar" name="startTheCar" time="0.001"/>
  <system-out/>
  <testcase classname="testNG.DriveCar" name="putFirstGear" time="0.001"/>
  <system-out/>
  <testcase classname="testNG.DriveCar" name="putSecondGear" time="0.002"/>
  <system-out/>
  <testcase classname="testNG.DriveCar" name="putThirdGear" time="0.001"/>
  <system-out/>
  <testcase classname="testNG.DriveCar" name="putFourthGear" time="0.003"/>
  <system-out/>
</testsuite> <!-- testNG.DriveCar -->
