<?xml version="1.0" encoding="UTF-8"?>
<!-- Generated by org.testng.reporters.JUnitReportReporter -->
<testsuite hostname="MUSTHAQ-PC" failures="0" tests="1" name="testNG.AssertionsExamples" time="0.009" errors="0" timestamp="2022-06-20T11:26:36 IST" skipped="0">
  <testcase classname="testNG.AssertionsExamples" name="checkEqual" time="0.009"/>
  <system-out/>
</testsuite> <!-- testNG.AssertionsExamples -->
