<?xml version="1.0" encoding="UTF-8"?>
<!-- Generated by org.testng.reporters.JUnitReportReporter -->
<testsuite hostname="MUSTHAQ-PC" failures="0" tests="3" name="testNG.DependenciesManagement" time="0.010" errors="0" timestamp="2022-06-18T12:46:53 IST" skipped="0">
  <testcase classname="testNG.DependenciesManagement" name="engineering" time="0.002"/>
  <system-out/>
  <testcase classname="testNG.DependenciesManagement" name="higherSecondary" time="0.001"/>
  <system-out/>
  <testcase classname="testNG.DependenciesManagement" name="highSchool" time="0.007"/>
  <system-out/>
</testsuite> <!-- testNG.DependenciesManagement -->
